2025-05-05 08:39:05.926 | INFO     | __main__:main:59 - Starting data preparation...
2025-05-05 08:39:05.926 | ERROR    | __main__:main:65 - Raw data directory is empty. Please add data files.
2025-05-05 08:39:51.945 | INFO     | __main__:main:59 - Starting data preparation...
2025-05-05 08:39:51.960 | ERROR    | __main__:main:65 - Raw data directory is empty. Please add raw data files to the data/raw folder.
2025-05-05 08:40:16.182 | INFO     | __main__:main:59 - Starting data preparation...
2025-05-05 08:40:16.182 | ERROR    | __main__:main:65 - The data/raw folder is empty. Please add raw data files to the data/raw folder.
2025-05-05 08:40:29.693 | INFO     | __main__:main:59 - Starting data preparation...
2025-05-05 08:40:29.693 | ERROR    | __main__:main:65 - The data/raw folder is empty. Please add raw data files to the data/raw directory.2025-05-18 22:59:13.603 | INFO     | __main__:main:69 - Starting data preparation...
2025-05-18 22:59:13.603 | ERROR    | __main__:main:75 - The data/raw folder is empty. Please add raw data files to the data/raw directory.
2025-05-18 23:31:23.442 | INFO     | __main__:main:69 - Starting data preparation...
2025-05-18 23:31:23.442 | ERROR    | __main__:main:75 - The data/raw folder is empty. Please add raw data files to the data/raw directory.
2025-05-18 23:32:58.981 | INFO     | __main__:main:69 - Starting data preparation...
2025-05-18 23:32:58.982 | INFO     | __main__:read_raw_data:43 - READING: C:\smart-sales-kamana\data\raw\customers_data.csv.
2025-05-18 23:32:58.992 | INFO     | __main__:process_data:58 - Processing data for customers_data.csv.
2025-05-18 23:32:58.993 | INFO     | __main__:process_data:59 - Data shape (ct of rows, ct of columns): (201, 4).
2025-05-18 23:32:58.994 | INFO     | __main__:process_data:60 - Data columns: ['CustomerID', 'Name', 'Region', 'JoinDate'].
2025-05-18 23:32:58.995 | INFO     | __main__:read_raw_data:43 - READING: C:\smart-sales-kamana\data\raw\products_data.csv.
2025-05-18 23:32:58.998 | INFO     | __main__:process_data:58 - Processing data for products_data.csv.
2025-05-18 23:32:58.999 | INFO     | __main__:process_data:59 - Data shape (ct of rows, ct of columns): (100, 4).
2025-05-18 23:32:58.999 | INFO     | __main__:process_data:60 - Data columns: ['ProductID', 'ProductName', 'Category', 'UnitPrice'].
2025-05-18 23:32:59.000 | INFO     | __main__:read_raw_data:43 - READING: C:\smart-sales-kamana\data\raw\sales_data.csv.
2025-05-18 23:32:59.006 | INFO     | __main__:process_data:58 - Processing data for sales_data.csv.
2025-05-18 23:32:59.007 | INFO     | __main__:process_data:59 - Data shape (ct of rows, ct of columns): (2001, 7).
2025-05-18 23:32:59.008 | INFO     | __main__:process_data:60 - Data columns: ['TransactionID', 'SaleDate', 'CustomerID', 'ProductID', 'StoreID', 'CampaignID', 'SaleAmount'].
2025-05-18 23:32:59.009 | INFO     | __main__:main:84 - Data preparation complete.
2025-05-20 21:59:40.988 | INFO     | __main__:main:69 - Starting data preparation...
2025-05-20 21:59:40.991 | INFO     | __main__:read_raw_data:43 - READING: C:\smart-sales-kamana\data\raw\customers_data.csv.
2025-05-20 21:59:41.036 | INFO     | __main__:process_data:58 - Processing data for customers_data.csv.
2025-05-20 21:59:41.037 | INFO     | __main__:process_data:59 - Data shape (ct of rows, ct of columns): (201, 6).
2025-05-20 21:59:41.038 | INFO     | __main__:process_data:60 - Data columns: ['CustomerID', 'Name', 'Region', 'JoinDate', 'RewardsPoints', 'MemberTier'].
2025-05-20 21:59:41.039 | INFO     | __main__:read_raw_data:43 - READING: C:\smart-sales-kamana\data\raw\products_data.csv.
2025-05-20 21:59:41.058 | INFO     | __main__:process_data:58 - Processing data for products_data.csv.
2025-05-20 21:59:41.058 | INFO     | __main__:process_data:59 - Data shape (ct of rows, ct of columns): (100, 6).
2025-05-20 21:59:41.059 | INFO     | __main__:process_data:60 - Data columns: ['ProductID', 'ProductName', 'Category', 'UnitPrice', 'ProductSKU', 'Condition'].
2025-05-20 21:59:41.059 | INFO     | __main__:read_raw_data:43 - READING: C:\smart-sales-kamana\data\raw\sales_data.csv.
2025-05-20 21:59:41.087 | INFO     | __main__:process_data:58 - Processing data for sales_data.csv.
2025-05-20 21:59:41.088 | INFO     | __main__:process_data:59 - Data shape (ct of rows, ct of columns): (2021, 9).
2025-05-20 21:59:41.089 | INFO     | __main__:process_data:60 - Data columns: ['TransactionID', 'SaleDate', 'CustomerID', 'ProductID', 'StoreID', 'CampaignID', 'SaleAmount', 'TaxAmount', 'PaymentType'].
2025-05-20 21:59:41.089 | INFO     | __main__:main:84 - Data preparation complete.
2025-05-20 22:01:22.013 | INFO     | __main__:main:171 - ==================================
2025-05-20 22:01:22.014 | INFO     | __main__:main:172 - STARTING prepare_customers_data.py
2025-05-20 22:01:22.014 | INFO     | __main__:main:173 - ==================================
2025-05-20 22:01:22.014 | INFO     | __main__:main:175 - Root         : C:\smart-sales-kamana
2025-05-20 22:01:22.015 | INFO     | __main__:main:176 - data/raw     : C:\smart-sales-kamana\data\raw
2025-05-20 22:01:22.015 | INFO     | __main__:main:177 - data/prepared: C:\smart-sales-kamana\data\prepared
2025-05-20 22:01:22.015 | INFO     | __main__:main:178 - scripts      : C:\smart-sales-kamana\scripts
2025-05-20 22:01:22.016 | INFO     | __main__:read_raw_data:58 - READING: C:\smart-sales-kamana\data\raw\customers_data.csv.
2025-05-20 22:01:22.022 | INFO     | __main__:main:190 - Initial dataframe columns: CustomerID, Name, Region, JoinDate, RewardsPoints, MemberTier
2025-05-20 22:01:22.022 | INFO     | __main__:main:191 - Initial dataframe shape: (201, 6)
2025-05-20 22:01:22.034 | INFO     | __main__:remove_duplicates:94 - FUNCTION START: remove_duplicates with dataframe shape=(201, 6)
2025-05-20 22:01:22.074 | INFO     | __main__:remove_duplicates:105 - Original dataframe shape: (201, 6)
2025-05-20 22:01:22.075 | INFO     | __main__:remove_duplicates:106 - Deduped  dataframe shape: (201, 6)
2025-05-20 22:01:22.076 | INFO     | __main__:handle_missing_values:122 - FUNCTION START: handle_missing_values with dataframe shape=(201, 6)
2025-05-20 22:01:22.082 | INFO     | __main__:handle_missing_values:126 - Total missing values before handling: 0
2025-05-20 22:01:22.084 | INFO     | __main__:handle_missing_values:135 - Total missing values after handling: 0
2025-05-20 22:01:22.086 | INFO     | __main__:handle_missing_values:136 - 201 records remaining after handling missing values.
2025-05-20 22:01:22.086 | INFO     | __main__:remove_outliers:150 - FUNCTION START: remove_outliers with dataframe shape=(201, 6)
2025-05-20 22:01:22.087 | INFO     | __main__:remove_outliers:158 - Removed 0 outlier rows
2025-05-20 22:01:22.088 | INFO     | __main__:remove_outliers:159 - 201 records remaining after removing outliers.
2025-05-20 22:01:22.088 | INFO     | __main__:save_prepared_data:76 - FUNCTION START: save_prepared_data with file_name=customers_prepared.csv, dataframe shape=(201, 6)
2025-05-20 22:01:22.105 | INFO     | __main__:save_prepared_data:79 - Data saved to C:\smart-sales-kamana\data\prepared\customers_prepared.csv
2025-05-20 22:01:22.106 | INFO     | __main__:main:214 - ==================================
2025-05-20 22:01:22.108 | INFO     | __main__:main:215 - Original shape: (201, 6)
2025-05-20 22:01:22.110 | INFO     | __main__:main:216 - Cleaned shape:  (201, 6)
2025-05-20 22:01:22.111 | INFO     | __main__:main:217 - ==================================
2025-05-20 22:01:22.112 | INFO     | __main__:main:218 - FINISHED prepare_customers_data.py
2025-05-20 22:01:22.113 | INFO     | __main__:main:219 - ==================================
2025-05-20 22:02:11.387 | INFO     | __main__:main:232 - ==================================
2025-05-20 22:02:11.388 | INFO     | __main__:main:233 - STARTING prepare_products_data.py
2025-05-20 22:02:11.388 | INFO     | __main__:main:234 - ==================================
2025-05-20 22:02:11.389 | INFO     | __main__:main:236 - Root         : C:\smart-sales-kamana
2025-05-20 22:02:11.389 | INFO     | __main__:main:237 - data/raw     : C:\smart-sales-kamana\data\raw
2025-05-20 22:02:11.390 | INFO     | __main__:main:238 - data/prepared: C:\smart-sales-kamana\data\prepared
2025-05-20 22:02:11.390 | INFO     | __main__:main:239 - scripts      : C:\smart-sales-kamana\scripts
2025-05-20 22:02:11.391 | INFO     | __main__:read_raw_data:64 - FUNCTION START: read_raw_data with file_name=products_data.csv
2025-05-20 22:02:11.391 | INFO     | __main__:read_raw_data:66 - Reading data from C:\smart-sales-kamana\data\raw\products_data.csv
2025-05-20 22:02:11.399 | INFO     | __main__:read_raw_data:68 - Loaded dataframe with 100 rows and 6 columns
2025-05-20 22:02:11.399 | INFO     | __main__:read_raw_data:64 - FUNCTION START: read_raw_data with file_name=products_data.csv
2025-05-20 22:02:11.400 | INFO     | __main__:read_raw_data:66 - Reading data from C:\smart-sales-kamana\data\raw\products_data.csv
2025-05-20 22:02:11.403 | INFO     | __main__:read_raw_data:68 - Loaded dataframe with 100 rows and 6 columns
2025-05-20 22:02:11.404 | INFO     | __main__:main:254 - Initial dataframe columns: ProductID, ProductName, Category, UnitPrice, ProductSKU, Condition
2025-05-20 22:02:11.405 | INFO     | __main__:main:255 - Initial dataframe shape: (100, 6)
2025-05-20 22:02:11.408 | INFO     | __main__:main:264 - Cleaned column names: ProductID -> productid, ProductName -> productname, Category -> category, UnitPrice -> unitprice, ProductSKU -> productsku, Condition -> condition
2025-05-20 22:02:11.409 | INFO     | __main__:remove_duplicates:101 - FUNCTION START: remove_duplicates with dataframe shape=(100, 6)
2025-05-20 22:02:11.415 | INFO     | __main__:remove_duplicates:111 - Removed 0 duplicate rows
2025-05-20 22:02:11.416 | INFO     | __main__:remove_duplicates:112 - 100 records remaining after removing duplicates.
2025-05-20 22:02:11.417 | INFO     | __main__:handle_missing_values:126 - FUNCTION START: handle_missing_values with dataframe shape=(100, 6)
2025-05-20 22:02:11.422 | INFO     | __main__:handle_missing_values:131 - Missing values by column before handling:
productid      0
productname    0
category       0
unitprice      0
productsku     0
condition      0
dtype: int64
2025-05-20 22:02:11.425 | INFO     | __main__:handle_missing_values:145 - Missing values by column after handling:
productid      0
productname    0
category       0
unitprice      0
productsku     0
condition      0
dtype: int64
2025-05-20 22:02:11.426 | INFO     | __main__:handle_missing_values:146 - 100 records remaining after handling missing values.
2025-05-20 22:02:11.427 | INFO     | __main__:remove_outliers:160 - FUNCTION START: remove_outliers with dataframe shape=(100, 6)
2025-05-20 22:02:11.427 | INFO     | __main__:remove_outliers:179 - Removed 0 outlier rows
2025-05-20 22:02:11.428 | INFO     | __main__:remove_outliers:180 - 100 records remaining after removing outliers.
2025-05-20 22:02:11.428 | INFO     | __main__:validate_data:216 - FUNCTION START: validate_data with dataframe shape=(100, 6)
2025-05-20 22:02:11.429 | INFO     | __main__:validate_data:225 - Data validation complete
2025-05-20 22:02:11.429 | INFO     | __main__:standardize_formats:193 - FUNCTION START: standardize_formats with dataframe shape=(100, 6)
2025-05-20 22:02:11.430 | INFO     | __main__:standardize_formats:203 - Completed standardizing formats
2025-05-20 22:02:11.430 | INFO     | __main__:save_prepared_data:86 - FUNCTION START: save_prepared_data with file_name=products_prepared.csv, dataframe shape=(100, 6)
2025-05-20 22:02:11.438 | INFO     | __main__:save_prepared_data:89 - Data saved to C:\smart-sales-kamana\data\prepared\products_prepared.csv
2025-05-20 22:02:11.439 | INFO     | __main__:main:284 - ==================================
2025-05-20 22:02:11.440 | INFO     | __main__:main:285 - Original shape: (100, 6)
2025-05-20 22:02:11.440 | INFO     | __main__:main:286 - Cleaned shape:  (100, 6)
2025-05-20 22:02:11.441 | INFO     | __main__:main:287 - ==================================
2025-05-20 22:02:11.442 | INFO     | __main__:main:288 - FINISHED prepare_products_data.py
2025-05-20 22:02:11.443 | INFO     | __main__:main:289 - ==================================
2025-05-20 22:06:14.126 | INFO     | __main__:main:232 - ==================================
2025-05-20 22:06:14.126 | INFO     | __main__:main:233 - STARTING prepare_products_data.py
2025-05-20 22:06:14.127 | INFO     | __main__:main:234 - ==================================
2025-05-20 22:06:14.128 | INFO     | __main__:main:236 - Root         : C:\smart-sales-kamana
2025-05-20 22:06:14.128 | INFO     | __main__:main:237 - data/raw     : C:\smart-sales-kamana\data\raw
2025-05-20 22:06:14.128 | INFO     | __main__:main:238 - data/prepared: C:\smart-sales-kamana\data\prepared
2025-05-20 22:06:14.129 | INFO     | __main__:main:239 - scripts      : C:\smart-sales-kamana\scripts
2025-05-20 22:06:14.129 | INFO     | __main__:read_raw_data:64 - FUNCTION START: read_raw_data with file_name=products_data.csv
2025-05-20 22:06:14.130 | INFO     | __main__:read_raw_data:66 - Reading data from C:\smart-sales-kamana\data\raw\products_data.csv
2025-05-20 22:06:14.139 | INFO     | __main__:read_raw_data:68 - Loaded dataframe with 100 rows and 6 columns
2025-05-20 22:06:14.140 | INFO     | __main__:read_raw_data:64 - FUNCTION START: read_raw_data with file_name=products_data.csv
2025-05-20 22:06:14.140 | INFO     | __main__:read_raw_data:66 - Reading data from C:\smart-sales-kamana\data\raw\products_data.csv
2025-05-20 22:06:14.142 | INFO     | __main__:read_raw_data:68 - Loaded dataframe with 100 rows and 6 columns
2025-05-20 22:06:14.143 | INFO     | __main__:main:254 - Initial dataframe columns: ProductID, ProductName, Category, UnitPrice, ProductSKU, Condition
2025-05-20 22:06:14.144 | INFO     | __main__:main:255 - Initial dataframe shape: (100, 6)
2025-05-20 22:06:14.146 | INFO     | __main__:main:264 - Cleaned column names: ProductID -> productid, ProductName -> productname, Category -> category, UnitPrice -> unitprice, ProductSKU -> productsku, Condition -> condition
2025-05-20 22:06:14.146 | INFO     | __main__:remove_duplicates:101 - FUNCTION START: remove_duplicates with dataframe shape=(100, 6)
2025-05-20 22:06:14.153 | INFO     | __main__:remove_duplicates:111 - Removed 0 duplicate rows
2025-05-20 22:06:14.154 | INFO     | __main__:remove_duplicates:112 - 100 records remaining after removing duplicates.
2025-05-20 22:06:14.155 | INFO     | __main__:handle_missing_values:126 - FUNCTION START: handle_missing_values with dataframe shape=(100, 6)
2025-05-20 22:06:14.156 | INFO     | __main__:handle_missing_values:131 - Missing values by column before handling:
productid      0
productname    0
category       0
unitprice      0
productsku     2
condition      1
dtype: int64
2025-05-20 22:06:14.159 | INFO     | __main__:handle_missing_values:145 - Missing values by column after handling:
productid      0
productname    0
category       0
unitprice      0
productsku     2
condition      1
dtype: int64
2025-05-20 22:06:14.160 | INFO     | __main__:handle_missing_values:146 - 100 records remaining after handling missing values.
2025-05-20 22:06:14.161 | INFO     | __main__:remove_outliers:160 - FUNCTION START: remove_outliers with dataframe shape=(100, 6)
2025-05-20 22:06:14.161 | INFO     | __main__:remove_outliers:179 - Removed 0 outlier rows
2025-05-20 22:06:14.162 | INFO     | __main__:remove_outliers:180 - 100 records remaining after removing outliers.
2025-05-20 22:06:14.163 | INFO     | __main__:validate_data:216 - FUNCTION START: validate_data with dataframe shape=(100, 6)
2025-05-20 22:06:14.163 | INFO     | __main__:validate_data:225 - Data validation complete
2025-05-20 22:06:14.163 | INFO     | __main__:standardize_formats:193 - FUNCTION START: standardize_formats with dataframe shape=(100, 6)
2025-05-20 22:06:14.164 | INFO     | __main__:standardize_formats:203 - Completed standardizing formats
2025-05-20 22:06:14.165 | INFO     | __main__:save_prepared_data:86 - FUNCTION START: save_prepared_data with file_name=products_prepared.csv, dataframe shape=(100, 6)
2025-05-20 22:06:14.173 | INFO     | __main__:save_prepared_data:89 - Data saved to C:\smart-sales-kamana\data\prepared\products_prepared.csv
2025-05-20 22:06:14.173 | INFO     | __main__:main:284 - ==================================
2025-05-20 22:06:14.174 | INFO     | __main__:main:285 - Original shape: (100, 6)
2025-05-20 22:06:14.174 | INFO     | __main__:main:286 - Cleaned shape:  (100, 6)
2025-05-20 22:06:14.174 | INFO     | __main__:main:287 - ==================================
2025-05-20 22:06:14.176 | INFO     | __main__:main:288 - FINISHED prepare_products_data.py
2025-05-20 22:06:14.177 | INFO     | __main__:main:289 - ==================================
2025-05-20 22:07:35.712 | INFO     | __main__:main:171 - ==================================
2025-05-20 22:07:35.713 | INFO     | __main__:main:172 - STARTING prepare_customers_data.py
2025-05-20 22:07:35.713 | INFO     | __main__:main:173 - ==================================
2025-05-20 22:07:35.714 | INFO     | __main__:main:175 - Root         : C:\smart-sales-kamana
2025-05-20 22:07:35.714 | INFO     | __main__:main:176 - data/raw     : C:\smart-sales-kamana\data\raw
2025-05-20 22:07:35.714 | INFO     | __main__:main:177 - data/prepared: C:\smart-sales-kamana\data\prepared
2025-05-20 22:07:35.715 | INFO     | __main__:main:178 - scripts      : C:\smart-sales-kamana\scripts
2025-05-20 22:07:35.715 | INFO     | __main__:read_raw_data:58 - READING: C:\smart-sales-kamana\data\raw\customers_data.csv.
2025-05-20 22:07:35.722 | INFO     | __main__:main:190 - Initial dataframe columns: CustomerID, Name, Region, JoinDate, RewardsPoints, MemberTier
2025-05-20 22:07:35.722 | INFO     | __main__:main:191 - Initial dataframe shape: (201, 6)
2025-05-20 22:07:35.724 | INFO     | __main__:remove_duplicates:94 - FUNCTION START: remove_duplicates with dataframe shape=(201, 6)
2025-05-20 22:07:35.727 | INFO     | __main__:remove_duplicates:105 - Original dataframe shape: (201, 6)
2025-05-20 22:07:35.727 | INFO     | __main__:remove_duplicates:106 - Deduped  dataframe shape: (201, 6)
2025-05-20 22:07:35.728 | INFO     | __main__:handle_missing_values:122 - FUNCTION START: handle_missing_values with dataframe shape=(201, 6)
2025-05-20 22:07:35.730 | INFO     | __main__:handle_missing_values:126 - Total missing values before handling: 0
2025-05-20 22:07:35.731 | INFO     | __main__:handle_missing_values:135 - Total missing values after handling: 0
2025-05-20 22:07:35.732 | INFO     | __main__:handle_missing_values:136 - 201 records remaining after handling missing values.
2025-05-20 22:07:35.732 | INFO     | __main__:remove_outliers:150 - FUNCTION START: remove_outliers with dataframe shape=(201, 6)
2025-05-20 22:07:35.733 | INFO     | __main__:remove_outliers:158 - Removed 0 outlier rows
2025-05-20 22:07:35.734 | INFO     | __main__:remove_outliers:159 - 201 records remaining after removing outliers.
2025-05-20 22:07:35.734 | INFO     | __main__:save_prepared_data:76 - FUNCTION START: save_prepared_data with file_name=customers_prepared.csv, dataframe shape=(201, 6)
2025-05-20 22:07:35.742 | INFO     | __main__:save_prepared_data:79 - Data saved to C:\smart-sales-kamana\data\prepared\customers_prepared.csv
2025-05-20 22:07:35.743 | INFO     | __main__:main:214 - ==================================
2025-05-20 22:07:35.743 | INFO     | __main__:main:215 - Original shape: (201, 6)
2025-05-20 22:07:35.744 | INFO     | __main__:main:216 - Cleaned shape:  (201, 6)
2025-05-20 22:07:35.745 | INFO     | __main__:main:217 - ==================================
2025-05-20 22:07:35.747 | INFO     | __main__:main:218 - FINISHED prepare_customers_data.py
2025-05-20 22:07:35.748 | INFO     | __main__:main:219 - ==================================
2025-05-20 22:09:00.691 | INFO     | __main__:main:232 - ==================================
2025-05-20 22:09:00.692 | INFO     | __main__:main:233 - STARTING prepare_products_data.py
2025-05-20 22:09:00.692 | INFO     | __main__:main:234 - ==================================
2025-05-20 22:09:00.692 | INFO     | __main__:main:236 - Root         : C:\smart-sales-kamana
2025-05-20 22:09:00.693 | INFO     | __main__:main:237 - data/raw     : C:\smart-sales-kamana\data\raw
2025-05-20 22:09:00.693 | INFO     | __main__:main:238 - data/prepared: C:\smart-sales-kamana\data\prepared
2025-05-20 22:09:00.694 | INFO     | __main__:main:239 - scripts      : C:\smart-sales-kamana\scripts
2025-05-20 22:09:00.694 | INFO     | __main__:read_raw_data:64 - FUNCTION START: read_raw_data with file_name=products_data.csv
2025-05-20 22:09:00.694 | INFO     | __main__:read_raw_data:66 - Reading data from C:\smart-sales-kamana\data\raw\products_data.csv
2025-05-20 22:09:00.700 | INFO     | __main__:read_raw_data:68 - Loaded dataframe with 100 rows and 6 columns
2025-05-20 22:09:00.701 | INFO     | __main__:read_raw_data:64 - FUNCTION START: read_raw_data with file_name=products_data.csv
2025-05-20 22:09:00.701 | INFO     | __main__:read_raw_data:66 - Reading data from C:\smart-sales-kamana\data\raw\products_data.csv
2025-05-20 22:09:00.703 | INFO     | __main__:read_raw_data:68 - Loaded dataframe with 100 rows and 6 columns
2025-05-20 22:09:00.705 | INFO     | __main__:main:254 - Initial dataframe columns: ProductID, ProductName, Category, UnitPrice, ProductSKU, Condition
2025-05-20 22:09:00.707 | INFO     | __main__:main:255 - Initial dataframe shape: (100, 6)
2025-05-20 22:09:00.708 | INFO     | __main__:main:264 - Cleaned column names: ProductID -> productid, ProductName -> productname, Category -> category, UnitPrice -> unitprice, ProductSKU -> productsku, Condition -> condition
2025-05-20 22:09:00.709 | INFO     | __main__:remove_duplicates:101 - FUNCTION START: remove_duplicates with dataframe shape=(100, 6)
2025-05-20 22:09:00.711 | INFO     | __main__:remove_duplicates:111 - Removed 0 duplicate rows
2025-05-20 22:09:00.712 | INFO     | __main__:remove_duplicates:112 - 100 records remaining after removing duplicates.
2025-05-20 22:09:00.713 | INFO     | __main__:handle_missing_values:126 - FUNCTION START: handle_missing_values with dataframe shape=(100, 6)
2025-05-20 22:09:00.715 | INFO     | __main__:handle_missing_values:131 - Missing values by column before handling:
productid      0
productname    0
category       0
unitprice      0
productsku     2
condition      1
dtype: int64
2025-05-20 22:09:00.717 | INFO     | __main__:handle_missing_values:145 - Missing values by column after handling:
productid      0
productname    0
category       0
unitprice      0
productsku     2
condition      1
dtype: int64
2025-05-20 22:09:00.717 | INFO     | __main__:handle_missing_values:146 - 100 records remaining after handling missing values.
2025-05-20 22:09:00.718 | INFO     | __main__:remove_outliers:160 - FUNCTION START: remove_outliers with dataframe shape=(100, 6)
2025-05-20 22:09:00.718 | INFO     | __main__:remove_outliers:179 - Removed 0 outlier rows
2025-05-20 22:09:00.719 | INFO     | __main__:remove_outliers:180 - 100 records remaining after removing outliers.
2025-05-20 22:09:00.719 | INFO     | __main__:validate_data:216 - FUNCTION START: validate_data with dataframe shape=(100, 6)
2025-05-20 22:09:00.720 | INFO     | __main__:validate_data:225 - Data validation complete
2025-05-20 22:09:00.720 | INFO     | __main__:standardize_formats:193 - FUNCTION START: standardize_formats with dataframe shape=(100, 6)
2025-05-20 22:09:00.720 | INFO     | __main__:standardize_formats:203 - Completed standardizing formats
2025-05-20 22:09:00.721 | INFO     | __main__:save_prepared_data:86 - FUNCTION START: save_prepared_data with file_name=products_prepared.csv, dataframe shape=(100, 6)
2025-05-20 22:09:00.727 | INFO     | __main__:save_prepared_data:89 - Data saved to C:\smart-sales-kamana\data\prepared\products_prepared.csv
2025-05-20 22:09:00.728 | INFO     | __main__:main:284 - ==================================
2025-05-20 22:09:00.729 | INFO     | __main__:main:285 - Original shape: (100, 6)
2025-05-20 22:09:00.729 | INFO     | __main__:main:286 - Cleaned shape:  (100, 6)
2025-05-20 22:09:00.730 | INFO     | __main__:main:287 - ==================================
2025-05-20 22:09:00.731 | INFO     | __main__:main:288 - FINISHED prepare_products_data.py
2025-05-20 22:09:00.731 | INFO     | __main__:main:289 - ==================================
2025-05-20 22:23:42.712 | INFO     | __main__:main:232 - ==================================
2025-05-20 22:23:42.713 | INFO     | __main__:main:233 - STARTING prepare_products_data.py
2025-05-20 22:23:42.713 | INFO     | __main__:main:234 - ==================================
2025-05-20 22:23:42.713 | INFO     | __main__:main:236 - Root         : C:\smart-sales-kamana\scripts\data_preparation
2025-05-20 22:23:42.714 | INFO     | __main__:main:237 - Root         : C:\smart-sales-kamana
2025-05-20 22:23:42.714 | INFO     | __main__:main:238 - data/raw     : C:\smart-sales-kamana\data\raw
2025-05-20 22:23:42.715 | INFO     | __main__:main:239 - data/prepared: C:\smart-sales-kamana\data\prepared
2025-05-20 22:23:42.715 | INFO     | __main__:main:240 - scripts      : C:\smart-sales-kamana\scripts
2025-05-20 22:23:42.715 | INFO     | __main__:main:241 - c:\smart-sales-kamana\scripts\data_preparation\prepare_products_data.py
2025-05-20 22:23:42.716 | INFO     | __main__:main:242 - C:\smart-sales-kamana\scripts\data_preparation\prepare_products_data.py
2025-05-20 22:23:42.716 | INFO     | __main__:main:243 - C:\smart-sales-kamana\scripts\data_preparation
2025-05-20 22:23:42.717 | INFO     | __main__:read_raw_data:64 - FUNCTION START: read_raw_data with file_name=products_data.csv
2025-05-20 22:23:42.717 | INFO     | __main__:read_raw_data:66 - Reading data from C:\smart-sales-kamana\data\raw\products_data.csv
2025-05-20 22:23:42.722 | INFO     | __main__:read_raw_data:68 - Loaded dataframe with 100 rows and 6 columns
2025-05-20 22:23:42.722 | INFO     | __main__:read_raw_data:64 - FUNCTION START: read_raw_data with file_name=products_data.csv
2025-05-20 22:23:42.723 | INFO     | __main__:read_raw_data:66 - Reading data from C:\smart-sales-kamana\data\raw\products_data.csv
2025-05-20 22:23:42.726 | INFO     | __main__:read_raw_data:68 - Loaded dataframe with 100 rows and 6 columns
2025-05-20 22:23:42.727 | INFO     | __main__:main:259 - Initial dataframe columns: ProductID, ProductName, Category, UnitPrice, ProductSKU, Condition
2025-05-20 22:23:42.727 | INFO     | __main__:main:260 - Initial dataframe shape: (100, 6)
2025-05-20 22:23:42.729 | INFO     | __main__:main:269 - Cleaned column names: ProductID -> productid, ProductName -> productname, Category -> category, UnitPrice -> unitprice, ProductSKU -> productsku, Condition -> condition
2025-05-20 22:23:42.729 | INFO     | __main__:remove_duplicates:101 - FUNCTION START: remove_duplicates with dataframe shape=(100, 6)
2025-05-20 22:23:42.733 | INFO     | __main__:remove_duplicates:111 - Removed 0 duplicate rows
2025-05-20 22:23:42.734 | INFO     | __main__:remove_duplicates:112 - 100 records remaining after removing duplicates.
2025-05-20 22:23:42.735 | INFO     | __main__:handle_missing_values:126 - FUNCTION START: handle_missing_values with dataframe shape=(100, 6)
2025-05-20 22:23:42.737 | INFO     | __main__:handle_missing_values:131 - Missing values by column before handling:
productid      0
productname    0
category       0
unitprice      0
productsku     2
condition      1
dtype: int64
2025-05-20 22:23:42.740 | INFO     | __main__:handle_missing_values:145 - Missing values by column after handling:
productid      0
productname    0
category       0
unitprice      0
productsku     2
condition      1
dtype: int64
2025-05-20 22:23:42.741 | INFO     | __main__:handle_missing_values:146 - 100 records remaining after handling missing values.
2025-05-20 22:23:42.742 | INFO     | __main__:remove_outliers:160 - FUNCTION START: remove_outliers with dataframe shape=(100, 6)
2025-05-20 22:23:42.743 | INFO     | __main__:remove_outliers:179 - Removed 0 outlier rows
2025-05-20 22:23:42.743 | INFO     | __main__:remove_outliers:180 - 100 records remaining after removing outliers.
2025-05-20 22:23:42.744 | INFO     | __main__:validate_data:216 - FUNCTION START: validate_data with dataframe shape=(100, 6)
2025-05-20 22:23:42.744 | INFO     | __main__:validate_data:225 - Data validation complete
2025-05-20 22:23:42.745 | INFO     | __main__:standardize_formats:193 - FUNCTION START: standardize_formats with dataframe shape=(100, 6)
2025-05-20 22:23:42.745 | INFO     | __main__:standardize_formats:203 - Completed standardizing formats
2025-05-20 22:23:42.746 | INFO     | __main__:save_prepared_data:86 - FUNCTION START: save_prepared_data with file_name=products_prepared.csv, dataframe shape=(100, 6)
2025-05-20 22:23:42.752 | INFO     | __main__:save_prepared_data:89 - Data saved to C:\smart-sales-kamana\data\prepared\products_prepared.csv
2025-05-20 22:23:42.753 | INFO     | __main__:main:289 - ==================================
2025-05-20 22:23:42.753 | INFO     | __main__:main:290 - Original shape: (100, 6)
2025-05-20 22:23:42.754 | INFO     | __main__:main:291 - Cleaned shape:  (100, 6)
2025-05-20 22:23:42.755 | INFO     | __main__:main:292 - ==================================
2025-05-20 22:23:42.755 | INFO     | __main__:main:293 - FINISHED prepare_products_data.py
2025-05-20 22:23:42.756 | INFO     | __main__:main:294 - ==================================
2025-05-20 22:31:07.347 | INFO     | __main__:main:232 - ==================================
2025-05-20 22:31:07.348 | INFO     | __main__:main:233 - STARTING prepare_products_data.py
2025-05-20 22:31:07.348 | INFO     | __main__:main:234 - ==================================
2025-05-20 22:31:07.348 | INFO     | __main__:main:236 - Root         : C:\smart-sales-kamana\scripts\data_preparation
2025-05-20 22:31:07.349 | INFO     | __main__:main:237 - Root         : C:\smart-sales-kamana
2025-05-20 22:31:07.349 | INFO     | __main__:main:238 - data/raw     : C:\smart-sales-kamana\data\raw
2025-05-20 22:31:07.349 | INFO     | __main__:main:239 - data/prepared: C:\smart-sales-kamana\data\prepared
2025-05-20 22:31:07.349 | INFO     | __main__:main:240 - scripts      : C:\smart-sales-kamana\scripts
2025-05-20 22:31:07.349 | INFO     | __main__:main:241 - C:\smart-sales-kamana\scripts\data_preparation\prepare_products_data.py
2025-05-20 22:31:07.350 | INFO     | __main__:main:242 - C:\smart-sales-kamana\scripts\data_preparation\prepare_products_data.py
2025-05-20 22:31:07.351 | INFO     | __main__:main:243 - C:\smart-sales-kamana\scripts\data_preparation
2025-05-20 22:31:07.351 | INFO     | __main__:read_raw_data:64 - FUNCTION START: read_raw_data with file_name=products_data.csv
2025-05-20 22:31:07.351 | INFO     | __main__:read_raw_data:66 - Reading data from C:\smart-sales-kamana\data\raw\products_data.csv
2025-05-20 22:31:07.360 | INFO     | __main__:read_raw_data:68 - Loaded dataframe with 100 rows and 6 columns
2025-05-20 22:31:07.361 | INFO     | __main__:read_raw_data:64 - FUNCTION START: read_raw_data with file_name=products_data.csv
2025-05-20 22:31:07.362 | INFO     | __main__:read_raw_data:66 - Reading data from C:\smart-sales-kamana\data\raw\products_data.csv
2025-05-20 22:31:07.365 | INFO     | __main__:read_raw_data:68 - Loaded dataframe with 100 rows and 6 columns
2025-05-20 22:31:07.366 | INFO     | __main__:main:259 - Initial dataframe columns: ProductID, ProductName, Category, UnitPrice, ProductSKU, Condition
2025-05-20 22:31:07.367 | INFO     | __main__:main:260 - Initial dataframe shape: (100, 6)
2025-05-20 22:31:07.370 | INFO     | __main__:main:269 - Cleaned column names: ProductID -> productid, ProductName -> productname, Category -> category, UnitPrice -> unitprice, ProductSKU -> productsku, Condition -> condition
2025-05-20 22:31:07.371 | INFO     | __main__:remove_duplicates:101 - FUNCTION START: remove_duplicates with dataframe shape=(100, 6)
2025-05-20 22:31:07.376 | INFO     | __main__:remove_duplicates:111 - Removed 0 duplicate rows
2025-05-20 22:31:07.376 | INFO     | __main__:remove_duplicates:112 - 100 records remaining after removing duplicates.
2025-05-20 22:31:07.377 | INFO     | __main__:handle_missing_values:126 - FUNCTION START: handle_missing_values with dataframe shape=(100, 6)
2025-05-20 22:31:07.379 | INFO     | __main__:handle_missing_values:131 - Missing values by column before handling:
productid      0
productname    0
category       0
unitprice      0
productsku     2
condition      1
dtype: int64
2025-05-20 22:31:07.382 | INFO     | __main__:handle_missing_values:145 - Missing values by column after handling:
productid      0
productname    0
category       0
unitprice      0
productsku     2
condition      1
dtype: int64
2025-05-20 22:31:07.383 | INFO     | __main__:handle_missing_values:146 - 100 records remaining after handling missing values.
2025-05-20 22:31:07.384 | INFO     | __main__:remove_outliers:160 - FUNCTION START: remove_outliers with dataframe shape=(100, 6)
2025-05-20 22:31:07.384 | INFO     | __main__:remove_outliers:179 - Removed 0 outlier rows
2025-05-20 22:31:07.385 | INFO     | __main__:remove_outliers:180 - 100 records remaining after removing outliers.
2025-05-20 22:31:07.385 | INFO     | __main__:validate_data:216 - FUNCTION START: validate_data with dataframe shape=(100, 6)
2025-05-20 22:31:07.386 | INFO     | __main__:validate_data:225 - Data validation complete
2025-05-20 22:31:07.386 | INFO     | __main__:standardize_formats:193 - FUNCTION START: standardize_formats with dataframe shape=(100, 6)
2025-05-20 22:31:07.387 | INFO     | __main__:standardize_formats:203 - Completed standardizing formats
2025-05-20 22:31:07.388 | INFO     | __main__:save_prepared_data:86 - FUNCTION START: save_prepared_data with file_name=products_prepared.csv, dataframe shape=(100, 6)
2025-05-20 22:31:07.394 | INFO     | __main__:save_prepared_data:89 - Data saved to C:\smart-sales-kamana\data\prepared\products_prepared.csv
2025-05-20 22:31:07.394 | INFO     | __main__:main:289 - ==================================
2025-05-20 22:31:07.395 | INFO     | __main__:main:290 - Original shape: (100, 6)
2025-05-20 22:31:07.396 | INFO     | __main__:main:291 - Cleaned shape:  (100, 6)
2025-05-20 22:31:07.396 | INFO     | __main__:main:292 - ==================================
2025-05-20 22:31:07.396 | INFO     | __main__:main:293 - FINISHED prepare_products_data.py
2025-05-20 22:31:07.397 | INFO     | __main__:main:294 - ==================================
2025-05-20 22:35:28.540 | INFO     | __main__:main:232 - ==================================
2025-05-20 22:35:28.540 | INFO     | __main__:main:233 - STARTING prepare_products_data.py
2025-05-20 22:35:28.541 | INFO     | __main__:main:234 - ==================================
2025-05-20 22:35:28.541 | INFO     | __main__:main:236 - Root         : C:\smart-sales-kamana\scripts\data_preparation
2025-05-20 22:35:28.541 | INFO     | __main__:main:237 - Root         : C:\smart-sales-kamana
2025-05-20 22:35:28.542 | INFO     | __main__:main:238 - data/raw     : C:\smart-sales-kamana\data\raw
2025-05-20 22:35:28.542 | INFO     | __main__:main:239 - data/prepared: C:\smart-sales-kamana\data\prepared
2025-05-20 22:35:28.542 | INFO     | __main__:main:240 - scripts      : C:\smart-sales-kamana\scripts
2025-05-20 22:35:28.542 | INFO     | __main__:main:241 - C:\smart-sales-kamana\scripts\data_preparation\prepare_products_data.py
2025-05-20 22:35:28.543 | INFO     | __main__:main:242 - C:\smart-sales-kamana\scripts\data_preparation\prepare_products_data.py
2025-05-20 22:35:28.544 | INFO     | __main__:main:243 - C:\smart-sales-kamana\scripts\data_preparation
2025-05-20 22:35:28.544 | INFO     | __main__:read_raw_data:64 - FUNCTION START: read_raw_data with file_name=products_data.csv
2025-05-20 22:35:28.545 | INFO     | __main__:read_raw_data:66 - Reading data from C:\smart-sales-kamana\data\raw\products_data.csv
2025-05-20 22:35:28.553 | INFO     | __main__:read_raw_data:68 - Loaded dataframe with 100 rows and 6 columns
2025-05-20 22:35:28.553 | INFO     | __main__:read_raw_data:64 - FUNCTION START: read_raw_data with file_name=products_data.csv
2025-05-20 22:35:28.553 | INFO     | __main__:read_raw_data:66 - Reading data from C:\smart-sales-kamana\data\raw\products_data.csv
2025-05-20 22:35:28.557 | INFO     | __main__:read_raw_data:68 - Loaded dataframe with 100 rows and 6 columns
2025-05-20 22:35:28.558 | INFO     | __main__:main:259 - Initial dataframe columns: ProductID, ProductName, Category, UnitPrice, ProductSKU, Condition
2025-05-20 22:35:28.558 | INFO     | __main__:main:260 - Initial dataframe shape: (100, 6)
2025-05-20 22:35:28.561 | INFO     | __main__:main:269 - Cleaned column names: ProductID -> productid, ProductName -> productname, Category -> category, UnitPrice -> unitprice, ProductSKU -> productsku, Condition -> condition
2025-05-20 22:35:28.562 | INFO     | __main__:remove_duplicates:101 - FUNCTION START: remove_duplicates with dataframe shape=(100, 6)
2025-05-20 22:35:28.563 | INFO     | __main__:remove_duplicates:111 - Removed 0 duplicate rows
2025-05-20 22:35:28.564 | INFO     | __main__:remove_duplicates:112 - 100 records remaining after removing duplicates.
2025-05-20 22:35:28.564 | INFO     | __main__:handle_missing_values:126 - FUNCTION START: handle_missing_values with dataframe shape=(100, 6)
2025-05-20 22:35:28.566 | INFO     | __main__:handle_missing_values:131 - Missing values by column before handling:
productid      0
productname    0
category       0
unitprice      0
productsku     2
condition      1
dtype: int64
2025-05-20 22:35:28.568 | INFO     | __main__:handle_missing_values:145 - Missing values by column after handling:
productid      0
productname    0
category       0
unitprice      0
productsku     2
condition      1
dtype: int64
2025-05-20 22:35:28.568 | INFO     | __main__:handle_missing_values:146 - 100 records remaining after handling missing values.
2025-05-20 22:35:28.569 | INFO     | __main__:remove_outliers:160 - FUNCTION START: remove_outliers with dataframe shape=(100, 6)
2025-05-20 22:35:28.569 | INFO     | __main__:remove_outliers:179 - Removed 0 outlier rows
2025-05-20 22:35:28.569 | INFO     | __main__:remove_outliers:180 - 100 records remaining after removing outliers.
2025-05-20 22:35:28.570 | INFO     | __main__:validate_data:216 - FUNCTION START: validate_data with dataframe shape=(100, 6)
2025-05-20 22:35:28.570 | INFO     | __main__:validate_data:225 - Data validation complete
2025-05-20 22:35:28.571 | INFO     | __main__:standardize_formats:193 - FUNCTION START: standardize_formats with dataframe shape=(100, 6)
2025-05-20 22:35:28.571 | INFO     | __main__:standardize_formats:203 - Completed standardizing formats
2025-05-20 22:35:28.571 | INFO     | __main__:save_prepared_data:86 - FUNCTION START: save_prepared_data with file_name=products_prepared.csv, dataframe shape=(100, 6)
2025-05-20 22:35:28.578 | INFO     | __main__:save_prepared_data:89 - Data saved to C:\smart-sales-kamana\data\prepared\products_prepared.csv
2025-05-20 22:35:28.578 | INFO     | __main__:main:289 - ==================================
2025-05-20 22:35:28.579 | INFO     | __main__:main:290 - Original shape: (100, 6)
2025-05-20 22:35:28.580 | INFO     | __main__:main:291 - Cleaned shape:  (100, 6)
2025-05-20 22:35:28.580 | INFO     | __main__:main:292 - ==================================
2025-05-20 22:35:28.581 | INFO     | __main__:main:293 - FINISHED prepare_products_data.py
2025-05-20 22:35:28.581 | INFO     | __main__:main:294 - ==================================
2025-05-20 22:48:12.670 | INFO     | __main__:main:171 - ==================================
2025-05-20 22:48:12.671 | INFO     | __main__:main:172 - STARTING prepare_customers_data.py
2025-05-20 22:48:12.672 | INFO     | __main__:main:173 - ==================================
2025-05-20 22:48:12.672 | INFO     | __main__:main:175 - Root         : C:\smart-sales-kamana
2025-05-20 22:48:12.673 | INFO     | __main__:main:176 - data/raw     : C:\smart-sales-kamana\data\raw
2025-05-20 22:48:12.673 | INFO     | __main__:main:177 - data/prepared: C:\smart-sales-kamana\data\prepared
2025-05-20 22:48:12.674 | INFO     | __main__:main:178 - scripts      : C:\smart-sales-kamana\scripts
2025-05-20 22:48:12.674 | INFO     | __main__:read_raw_data:58 - READING: C:\smart-sales-kamana\data\raw\customers_data.csv.
2025-05-20 22:48:12.681 | INFO     | __main__:main:190 - Initial dataframe columns: CustomerID, Name, Region, JoinDate, RewardsPoints, MemberTier
2025-05-20 22:48:12.682 | INFO     | __main__:main:191 - Initial dataframe shape: (201, 6)
2025-05-20 22:48:12.683 | INFO     | __main__:remove_duplicates:94 - FUNCTION START: remove_duplicates with dataframe shape=(201, 6)
2025-05-20 22:48:12.687 | INFO     | __main__:remove_duplicates:105 - Original dataframe shape: (201, 6)
2025-05-20 22:48:12.688 | INFO     | __main__:remove_duplicates:106 - Deduped  dataframe shape: (201, 6)
2025-05-20 22:48:12.688 | INFO     | __main__:handle_missing_values:122 - FUNCTION START: handle_missing_values with dataframe shape=(201, 6)
2025-05-20 22:48:12.690 | INFO     | __main__:handle_missing_values:126 - Total missing values before handling: 0
2025-05-20 22:48:12.692 | INFO     | __main__:handle_missing_values:135 - Total missing values after handling: 0
2025-05-20 22:48:12.692 | INFO     | __main__:handle_missing_values:136 - 201 records remaining after handling missing values.
2025-05-20 22:48:12.695 | INFO     | __main__:remove_outliers:150 - FUNCTION START: remove_outliers with dataframe shape=(201, 6)
2025-05-20 22:48:12.697 | INFO     | __main__:remove_outliers:158 - Removed 0 outlier rows
2025-05-20 22:48:12.697 | INFO     | __main__:remove_outliers:159 - 201 records remaining after removing outliers.
2025-05-20 22:48:12.698 | INFO     | __main__:save_prepared_data:76 - FUNCTION START: save_prepared_data with file_name=customers_prepared.csv, dataframe shape=(201, 6)
2025-05-20 22:48:12.704 | INFO     | __main__:save_prepared_data:79 - Data saved to C:\smart-sales-kamana\data\prepared\customers_prepared.csv
2025-05-20 22:48:12.705 | INFO     | __main__:main:214 - ==================================
2025-05-20 22:48:12.706 | INFO     | __main__:main:215 - Original shape: (201, 6)
2025-05-20 22:48:12.706 | INFO     | __main__:main:216 - Cleaned shape:  (201, 6)
2025-05-20 22:48:12.707 | INFO     | __main__:main:217 - ==================================
2025-05-20 22:48:12.708 | INFO     | __main__:main:218 - FINISHED prepare_customers_data.py
2025-05-20 22:48:12.708 | INFO     | __main__:main:219 - ==================================
2025-05-20 22:55:22.468 | INFO     | __main__:main:171 - ==================================
2025-05-20 22:55:22.469 | INFO     | __main__:main:172 - STARTING prepare_customers_data.py
2025-05-20 22:55:22.469 | INFO     | __main__:main:173 - ==================================
2025-05-20 22:55:22.469 | INFO     | __main__:main:175 - Root         : C:\smart-sales-kamana
2025-05-20 22:55:22.470 | INFO     | __main__:main:176 - data/raw     : C:\smart-sales-kamana\data\raw
2025-05-20 22:55:22.470 | INFO     | __main__:main:177 - data/prepared: C:\smart-sales-kamana\data\prepared
2025-05-20 22:55:22.470 | INFO     | __main__:main:178 - scripts      : C:\smart-sales-kamana\scripts
2025-05-20 22:55:22.470 | INFO     | __main__:read_raw_data:58 - READING: C:\smart-sales-kamana\data\raw\customers_data.csv.
2025-05-20 22:55:22.498 | INFO     | __main__:main:190 - Initial dataframe columns: CustomerID, Name, Region, JoinDate, RewardsPoints, MemberTier
2025-05-20 22:55:22.498 | INFO     | __main__:main:191 - Initial dataframe shape: (201, 6)
2025-05-20 22:55:22.499 | INFO     | __main__:remove_duplicates:94 - FUNCTION START: remove_duplicates with dataframe shape=(201, 6)
2025-05-20 22:55:22.504 | INFO     | __main__:remove_duplicates:105 - Original dataframe shape: (201, 6)
2025-05-20 22:55:22.505 | INFO     | __main__:remove_duplicates:106 - Deduped  dataframe shape: (201, 6)
2025-05-20 22:55:22.506 | INFO     | __main__:handle_missing_values:122 - FUNCTION START: handle_missing_values with dataframe shape=(201, 6)
2025-05-20 22:55:22.508 | INFO     | __main__:handle_missing_values:126 - Total missing values before handling: 5
2025-05-20 22:55:22.509 | INFO     | __main__:handle_missing_values:135 - Total missing values after handling: 5
2025-05-20 22:55:22.510 | INFO     | __main__:handle_missing_values:136 - 201 records remaining after handling missing values.
2025-05-20 22:55:22.510 | INFO     | __main__:remove_outliers:150 - FUNCTION START: remove_outliers with dataframe shape=(201, 6)
2025-05-20 22:55:22.511 | INFO     | __main__:remove_outliers:158 - Removed 0 outlier rows
2025-05-20 22:55:22.511 | INFO     | __main__:remove_outliers:159 - 201 records remaining after removing outliers.
2025-05-20 22:55:22.512 | INFO     | __main__:save_prepared_data:76 - FUNCTION START: save_prepared_data with file_name=customers_prepared.csv, dataframe shape=(201, 6)
2025-05-20 22:55:22.521 | INFO     | __main__:save_prepared_data:79 - Data saved to C:\smart-sales-kamana\data\prepared\customers_prepared.csv
2025-05-20 22:55:22.521 | INFO     | __main__:main:214 - ==================================
2025-05-20 22:55:22.522 | INFO     | __main__:main:215 - Original shape: (201, 6)
2025-05-20 22:55:22.523 | INFO     | __main__:main:216 - Cleaned shape:  (201, 6)
2025-05-20 22:55:22.524 | INFO     | __main__:main:217 - ==================================
2025-05-20 22:55:22.524 | INFO     | __main__:main:218 - FINISHED prepare_customers_data.py
2025-05-20 22:55:22.525 | INFO     | __main__:main:219 - ==================================
2025-05-20 22:55:48.335 | INFO     | __main__:main:89 - ==================================
2025-05-20 22:55:48.335 | INFO     | __main__:main:90 - STARTING prepare_sales_data.py
2025-05-20 22:55:48.336 | INFO     | __main__:main:91 - ==================================
2025-05-20 22:55:48.336 | INFO     | __main__:main:93 - Root         : C:\smart-sales-kamana
2025-05-20 22:55:48.337 | INFO     | __main__:main:94 - data/raw     : C:\smart-sales-kamana\data\raw
2025-05-20 22:55:48.337 | INFO     | __main__:main:95 - data/prepared: C:\smart-sales-kamana\data\prepared
2025-05-20 22:55:48.338 | INFO     | __main__:main:96 - scripts      : C:\smart-sales-kamana\scripts
2025-05-20 22:55:48.338 | INFO     | __main__:read_raw_data:66 - FUNCTION START: read_raw_data with file_name=sales_data.csv
2025-05-20 22:55:48.338 | INFO     | __main__:read_raw_data:68 - Reading data from C:\smart-sales-kamana\data\raw\sales_data.csv
2025-05-20 22:55:48.349 | INFO     | __main__:read_raw_data:70 - Loaded dataframe with 2021 rows and 9 columns
2025-05-20 22:55:48.349 | INFO     | __main__:main:108 - Initial dataframe columns: TransactionID, SaleDate, CustomerID, ProductID, StoreID, CampaignID, SaleAmount, TaxAmount, PaymentType
2025-05-20 22:55:48.350 | INFO     | __main__:main:109 - Initial dataframe shape: (2021, 9)
2025-05-20 22:55:48.351 | INFO     | __main__:main:129 - ==================================
2025-05-20 22:55:48.351 | INFO     | __main__:main:130 - Original shape: (2021, 9)
2025-05-20 22:55:48.351 | INFO     | __main__:main:131 - Cleaned shape:  (2021, 9)
2025-05-20 22:55:48.352 | INFO     | __main__:main:132 - ==================================
2025-05-20 22:55:48.352 | INFO     | __main__:main:133 - FINISHED prepare_sales_data.py
2025-05-20 22:55:48.353 | INFO     | __main__:main:134 - ==================================
2025-05-20 22:57:00.496 | INFO     | __main__:main:89 - ==================================
2025-05-20 22:57:00.497 | INFO     | __main__:main:90 - STARTING prepare_sales_data.py
2025-05-20 22:57:00.497 | INFO     | __main__:main:91 - ==================================
2025-05-20 22:57:00.498 | INFO     | __main__:main:93 - Root         : C:\smart-sales-kamana
2025-05-20 22:57:00.498 | INFO     | __main__:main:94 - data/raw     : C:\smart-sales-kamana\data\raw
2025-05-20 22:57:00.498 | INFO     | __main__:main:95 - data/prepared: C:\smart-sales-kamana\data\prepared
2025-05-20 22:57:00.498 | INFO     | __main__:main:96 - scripts      : C:\smart-sales-kamana\scripts
2025-05-20 22:57:00.499 | INFO     | __main__:read_raw_data:66 - FUNCTION START: read_raw_data with file_name=sales_data.csv
2025-05-20 22:57:00.499 | INFO     | __main__:read_raw_data:68 - Reading data from C:\smart-sales-kamana\data\raw\sales_data.csv
2025-05-20 22:57:00.543 | INFO     | __main__:read_raw_data:70 - Loaded dataframe with 2021 rows and 9 columns
2025-05-20 22:57:00.543 | INFO     | __main__:main:108 - Initial dataframe columns: TransactionID, SaleDate, CustomerID, ProductID, StoreID, CampaignID, SaleAmount, TaxAmount, PaymentType
2025-05-20 22:57:00.544 | INFO     | __main__:main:109 - Initial dataframe shape: (2021, 9)
2025-05-20 22:57:00.545 | INFO     | __main__:main:129 - ==================================
2025-05-20 22:57:00.546 | INFO     | __main__:main:130 - Original shape: (2021, 9)
2025-05-20 22:57:00.546 | INFO     | __main__:main:131 - Cleaned shape:  (2021, 9)
2025-05-20 22:57:00.546 | INFO     | __main__:main:132 - ==================================
2025-05-20 22:57:00.547 | INFO     | __main__:main:133 - FINISHED prepare_sales_data.py
2025-05-20 22:57:00.547 | INFO     | __main__:main:134 - ==================================
2025-05-20 23:34:40.455 | INFO     | __main__:main:89 - ==================================
2025-05-20 23:34:40.456 | INFO     | __main__:main:90 - STARTING prepare_sales_data.py
2025-05-20 23:34:40.456 | INFO     | __main__:main:91 - ==================================
2025-05-20 23:34:40.456 | INFO     | __main__:main:93 - Root         : C:\smart-sales-kamana
2025-05-20 23:34:40.457 | INFO     | __main__:main:94 - data/raw     : C:\smart-sales-kamana\data\raw
2025-05-20 23:34:40.457 | INFO     | __main__:main:95 - data/prepared: C:\smart-sales-kamana\data\prepared
2025-05-20 23:34:40.457 | INFO     | __main__:main:96 - scripts      : C:\smart-sales-kamana\scripts
2025-05-20 23:34:40.457 | INFO     | __main__:read_raw_data:66 - FUNCTION START: read_raw_data with file_name=sales_data.csv
2025-05-20 23:34:40.457 | INFO     | __main__:read_raw_data:68 - Reading data from C:\smart-sales-kamana\data\raw\sales_data.csv
2025-05-20 23:34:40.465 | INFO     | __main__:read_raw_data:70 - Loaded dataframe with 2021 rows and 9 columns
2025-05-20 23:34:40.465 | INFO     | __main__:main:108 - Initial dataframe columns: TransactionID, SaleDate, CustomerID, ProductID, StoreID, CampaignID, SaleAmount, TaxAmount, PaymentType
2025-05-20 23:34:40.466 | INFO     | __main__:main:109 - Initial dataframe shape: (2021, 9)
2025-05-20 23:34:40.467 | INFO     | __main__:main:129 - ==================================
2025-05-20 23:34:40.467 | INFO     | __main__:main:130 - Original shape: (2021, 9)
2025-05-20 23:34:40.468 | INFO     | __main__:main:131 - Cleaned shape:  (2021, 9)
2025-05-20 23:34:40.468 | INFO     | __main__:main:132 - ==================================
2025-05-20 23:34:40.469 | INFO     | __main__:main:133 - FINISHED prepare_sales_data.py
2025-05-20 23:34:40.469 | INFO     | __main__:main:134 - ==================================
2025-05-20 23:35:50.408 | INFO     | __main__:main:89 - ==================================
2025-05-20 23:35:50.409 | INFO     | __main__:main:90 - STARTING prepare_sales_data.py
2025-05-20 23:35:50.409 | INFO     | __main__:main:91 - ==================================
2025-05-20 23:35:50.410 | INFO     | __main__:main:93 - Root         : C:\smart-sales-kamana
2025-05-20 23:35:50.410 | INFO     | __main__:main:94 - data/raw     : C:\smart-sales-kamana\data\raw
2025-05-20 23:35:50.410 | INFO     | __main__:main:95 - data/prepared: C:\smart-sales-kamana\data\prepared
2025-05-20 23:35:50.411 | INFO     | __main__:main:96 - scripts      : C:\smart-sales-kamana\scripts
2025-05-20 23:35:50.411 | INFO     | __main__:read_raw_data:66 - FUNCTION START: read_raw_data with file_name=sales_data.csv
2025-05-20 23:35:50.411 | INFO     | __main__:read_raw_data:68 - Reading data from C:\smart-sales-kamana\data\raw\sales_data.csv
2025-05-20 23:35:50.419 | INFO     | __main__:read_raw_data:70 - Loaded dataframe with 2021 rows and 9 columns
2025-05-20 23:35:50.420 | INFO     | __main__:main:108 - Initial dataframe columns: TransactionID, SaleDate, CustomerID, ProductID, StoreID, CampaignID, SaleAmount, TaxAmount, PaymentType
2025-05-20 23:35:50.420 | INFO     | __main__:main:109 - Initial dataframe shape: (2021, 9)
2025-05-20 23:35:50.421 | INFO     | __main__:main:129 - ==================================
2025-05-20 23:35:50.422 | INFO     | __main__:main:130 - Original shape: (2021, 9)
2025-05-20 23:35:50.422 | INFO     | __main__:main:131 - Cleaned shape:  (2021, 9)
2025-05-20 23:35:50.422 | INFO     | __main__:main:132 - ==================================
2025-05-20 23:35:50.422 | INFO     | __main__:main:133 - FINISHED prepare_sales_data.py
2025-05-20 23:35:50.423 | INFO     | __main__:main:134 - ==================================
2025-05-20 23:39:21.474 | INFO     | __main__:main:238 - ==================================
2025-05-20 23:39:21.474 | INFO     | __main__:main:239 - STARTING prepare_sales_data.py
2025-05-20 23:39:21.475 | INFO     | __main__:main:240 - ==================================
2025-05-20 23:39:21.475 | INFO     | __main__:main:242 - Root         : C:\smart-sales-kamana
2025-05-20 23:39:21.475 | INFO     | __main__:main:243 - data/raw     : C:\smart-sales-kamana\data\raw
2025-05-20 23:39:21.475 | INFO     | __main__:main:244 - data/prepared: C:\smart-sales-kamana\data\prepared
2025-05-20 23:39:21.476 | INFO     | __main__:main:245 - scripts      : C:\smart-sales-kamana\scripts
2025-05-20 23:39:21.476 | INFO     | __main__:read_raw_data:66 - FUNCTION START: read_raw_data with file_name=sales_data.csv
2025-05-20 23:39:21.476 | INFO     | __main__:read_raw_data:68 - Reading data from C:\smart-sales-kamana\data\raw\sales_data.csv
2025-05-20 23:39:21.485 | INFO     | __main__:read_raw_data:70 - Loaded dataframe with 2021 rows and 9 columns
2025-05-20 23:39:21.486 | INFO     | __main__:main:257 - Initial dataframe columns: TransactionID, SaleDate, CustomerID, ProductID, StoreID, CampaignID, SaleAmount, TaxAmount, PaymentType
2025-05-20 23:39:21.486 | INFO     | __main__:main:258 - Initial dataframe shape: (2021, 9)
2025-05-20 23:39:21.488 | INFO     | __main__:remove_duplicates:103 - FUNCTION START: remove_duplicates with dataframe shape=(2021, 9)
2025-05-20 23:39:21.500 | INFO     | __main__:remove_duplicates:113 - Removed 18 duplicate rows
2025-05-20 23:39:21.501 | INFO     | __main__:remove_duplicates:114 - 2003 records remaining after removing duplicates.
2025-05-20 23:39:21.501 | INFO     | __main__:handle_missing_values:128 - FUNCTION START: handle_missing_values with dataframe shape=(2003, 9)
2025-05-20 23:39:21.503 | INFO     | __main__:handle_missing_values:133 - Missing values by column before handling:
TransactionID     2
SaleDate          2
CustomerID        2
ProductID         2
StoreID           2
CampaignID        3
SaleAmount        2
TaxAmount        42
PaymentType      22
dtype: int64
2025-05-20 23:39:21.506 | INFO     | __main__:handle_missing_values:147 - Missing values by column after handling:
TransactionID     2
SaleDate          2
CustomerID        2
ProductID         2
StoreID           2
CampaignID        3
SaleAmount        2
TaxAmount        42
PaymentType      22
dtype: int64
2025-05-20 23:39:21.508 | INFO     | __main__:handle_missing_values:148 - 2003 records remaining after handling missing values.
2025-05-20 23:39:21.509 | INFO     | __main__:remove_outliers:162 - FUNCTION START: remove_outliers with dataframe shape=(2003, 9)
2025-05-20 23:39:21.509 | INFO     | __main__:remove_outliers:181 - Removed 0 outlier rows
2025-05-20 23:39:21.509 | INFO     | __main__:remove_outliers:182 - 2003 records remaining after removing outliers.
2025-05-20 23:39:21.510 | INFO     | __main__:validate_data:218 - FUNCTION START: validate_data with dataframe shape=(2003, 9)
2025-05-20 23:39:21.510 | INFO     | __main__:validate_data:227 - Data validation complete
2025-05-20 23:39:21.511 | INFO     | __main__:standardize_formats:195 - FUNCTION START: standardize_formats with dataframe shape=(2003, 9)
2025-05-20 23:39:21.511 | INFO     | __main__:standardize_formats:205 - Completed standardizing formats
2025-05-20 23:39:21.511 | INFO     | __main__:save_prepared_data:88 - FUNCTION START: save_prepared_data with file_name=sales_prepared.csv, dataframe shape=(2003, 9)
2025-05-20 23:39:21.532 | INFO     | __main__:save_prepared_data:91 - Data saved to C:\smart-sales-kamana\data\prepared\sales_prepared.csv
2025-05-20 23:39:21.533 | INFO     | __main__:main:292 - ==================================
2025-05-20 23:39:21.534 | INFO     | __main__:main:293 - Original shape: (2003, 9)
2025-05-20 23:39:21.534 | INFO     | __main__:main:294 - Cleaned shape:  (2021, 9)
2025-05-20 23:39:21.534 | INFO     | __main__:main:295 - ==================================
2025-05-20 23:39:21.535 | INFO     | __main__:main:296 - FINISHED prepare_sales_data.py
2025-05-20 23:39:21.536 | INFO     | __main__:main:297 - ==================================
